1
1
1
1
1
1
1
1
1
1
1
1
1
1
1
1
1
1
1
1
1
1
1
1
1
1
1
1
1
1
1
1
1
1
1
1
1
1
1
1
pmb
pmc
pmd
pme
pmf
pmg
pmh
pmi
pmj
pmk
pml
pmm
pmn
pmo
pmp
pmq
pmr
pms
pmt
pmu
pmv
pmw
pmx
pmy
pmz
pmab
pmbb
pmcb
pmdb
pmeb
pmfb
pmgb
pmhb
pmib
pmjb
pmkb
pmlb
pmmb
pmnb
pmob
1
1
1
1
1
1
1
1
1
1
pmb
1
2
0.5
0
2
0
1
pmc
4
0.5
1
0
0.5
4
1
pmd
1
0.5
1
0
0.5
2
2
pme
1
0.25
0.5
4
1
0
1
pmf
1
0.25
0.25
0.5
0.5
4
2
pmg
1
2
1
0
1
1
1
pmh
0.5
0.5
1
4
0.5
0
1
pmi
1
0.5
0.5
0
1
0
2
pmj
2
0.25
0.5
0
1
2
2
pmk
0.5
0.25
2
0
1
1
2
pml
0.5
0.5
0.5
1
2
1
1
pmm
2
1
0.5
0
2
1
1
pmn
0.25
1
1
1
1
1
1
pmo
0.25
1
0.25
0.25
1
1
2
pmp
4
0.5
0.5
0
1
0
1
pmq
4
0.5
1
0
0.5
4
1
pmr
1
0.5
1
0
0.5
2
2
pms
0.25
1
0.5
2
2
0
1
pmt
1
0.25
0.125
1
1
0
2
pmu
1
2
1
0
1
1
1
pmv
0.5
0.5
1
4
0.5
0
1
pmw
0.5
0.5
0.25
1
0.5
0
2
pmx
2
0.25
0.5
0
1
2
2
pmy
0.5
0.25
2
0
1
1
2
pmz
0.5
0.5
0.5
1
2
1
1
pmab
0.5
0.5
0.125
0.25
2
1
2
pmbb
1
1
0.25
0.5
1
2
1
pmcb
0.25
1
0.25
0.25
1
1
2
pmdb
4
0.5
0.5
0
1
0
1
pmeb
1
0.5
4
0
0.5
2
1
None
-1
-1
-1
-1
-1
-1
-1
None
-1
-1
-1
-1
-1
-1
-1
None
-1
-1
-1
-1
-1
-1
-1
None
-1
-1
-1
-1
-1
-1
-1
None
-1
-1
-1
-1
-1
-1
-1
None
-1
-1
-1
-1
-1
-1
-1
None
-1
-1
-1
-1
-1
-1
-1
None
-1
-1
-1
-1
-1
-1
-1
None
-1
-1
-1
-1
-1
-1
-1
None
-1
-1
-1
-1
-1
-1
-1
10
pme
pmh
pmk
pml
pmn
pms
pmv
pmy
pmz
pmeb
14
pmc
pme
pmf
pmj
pml
pmm
pmp
pmq
pmt
pmx
pmz
pmab
pmbb
pmdb
12
pmb
pmg
pml
pmm
pmn
pmo
pms
pmu
pmz
pmab
pmbb
pmcb
15
pmc
pmd
pmf
pmg
pmh
pmn
pmo
pmq
pmr
pmu
pmv
pmw
pmbb
pmcb
pmeb
10
pmb
pme
pmh
pmi
pmp
pms
pmt
pmv
pmw
pmdb
16
pmb
pmc
pmd
pmg
pmi
pmj
pmk
pmm
pmp
pmq
pmr
pmu
pmx
pmy
pmdb
pmeb
13
pmd
pmf
pmi
pmj
pmk
pmo
pmr
pmt
pmw
pmx
pmy
pmab
pmcb
29
