1 18 513
1 162 513
1 172 513
1 201 513
1 217 513
1 135 514
1 210 514
1 281 514
1 418 514
1 475 514
1 45 514
1 55 514
1 67 514
1 153 514
1 172 514
1 55 513
1 55 513
1 285 513
1 358 513
1 446 513
1 62 514
1 69 514
1 164 514
1 196 514
1 460 514
1 77 513
1 361 513
1 421 513
1 470 513
2 343
2 343
2 343
2 343
2 343
1 68 343
1 117 343
1 289 343
1 349 343
1 361 343
2 462
2 462
2 462
2 462
1 29 462
1 104 462
1 332 462
1 355 462
2 105
2 105
2 105
2 105
1 16 105
1 62 105
1 247 105
1 366 105
2 26
2 26
2 26
2 26
2 26
1 13 26
1 140 26
1 247 26
1 314 26
1 336 26
2 462
2 462
2 462
2 462
1 69 462
1 112 462
1 329 462
1 478 462
2 108
2 108
2 108
1 144 108
1 165 108
1 404 108
2 294
2 294
2 294
2 294
1 92 294
1 266 294
1 266 294
1 295 294
2 462
2 462
2 462
2 462
2 462
1 42 462
1 65 462
1 92 462
1 251 462
1 266 462
2 343
2 343
2 343
2 343
1 200 343
1 219 343
1 375 343
1 452 343
2 294
2 294
2 294
2 294
1 193 294
1 234 294
1 258 294
1 322 294
1 322 234
2 26
2 26
2 26
2 26
1 90 26
1 268 26
1 352 26
1 498 26
2 349
2 349
1 370 349
1 416 349
1 471 349
2 26
2 26
2 26
2 26
1 193 26
1 232 26
1 269 26
1 364 26
2 343
2 343
2 343
2 343
1 227 343
1 260 343
1 410 343
1 451 343
2 105
2 105
2 105
2 105
1 7 105
1 53 105
1 393 105
1 427 105
2 278
2 278
2 278
1 72 278
1 246 278
1 465 278
2 278
2 278
2 278
2 278
1 207 278
1 246 278
1 302 278
1 330 278
2 278
2 278
2 278
2 278
1 97 278
1 163 278
1 207 278
1 398 278
2 26
2 26
2 26
2 26
1 41 26
1 77 26
1 216 26
1 220 26
2 105
2 105
2 105
2 105
1 99 105
1 147 105
1 316 105
1 468 105
2 26
2 26
2 26
2 26
1 32 26
1 210 26
1 290 26
1 316 26
2 26
2 26
2 26
2 26
1 121 26
1 130 26
1 467 26
1 502 26
2 294
1 502 294
2 502
1 196 502
1 254 502
1 392 502
2 108
2 108
2 108
2 108
1 308 108
1 332 108
1 359 108
1 407 108
2 343
2 343
2 343
2 343
1 68 343
1 140 343
1 159 343
1 204 343
2 89
2 89
2 89
1 53 89
1 140 89
1 474 89
2 343
2 343
2 343
2 343
1 125 343
1 267 343
1 352 343
1 474 343
2 32
2 32
2 32
1 154 32
1 162 32
1 190 32
1 267 32
1 80 266
1 423 266
1 510 266
1 40 55
1 188 55
1 274 55
2 343
2 343
2 343
2 343
1 28 343
1 151 343
1 188 343
1 435 343
2 26
2 26
2 26
2 26
1 151 26
1 445 26
1 463 26
1 490 26
2 108
2 108
2 108
2 108
1 99 108
1 151 108
1 219 108
1 365 108
1 98 151
1 225 151
1 390 151
2 462
1 98 462
1 66 140
1 195 140
1 351 140
2 343
2 343
2 343
1 274 343
1 287 343
1 327 343
2 105
1 327 105
2 26
2 26
2 26
2 26
1 5 26
1 109 26
1 287 26
1 329 26
2 105
2 105
2 105
1 164 105
1 402 105
1 480 105
2 294
2 294
2 294
2 294
1 31 294
1 351 294
1 402 294
1 472 294
1 405 351
2 343
2 343
2 343
2 343
1 31 343
1 266 343
1 266 343
1 266 343
1 130 31
2 26
2 26
2 26
2 26
1 164 26
1 198 26
1 213 26
1 247 26
1 131 287
1 340 287
1 293 266
1 368 266
1 435 266
1 61 164
1 186 164
1 453 164
1 1 69
1 146 69
2 26
2 26
2 26
1 400 26
1 419 26
1 499 26
1 101 247
1 400 247
1 470 247
2 26
1 400 26
2 294
2 294
2 294
1 155 294
1 298 294
1 310 294
2 294
2 294
2 294
1 228 294
1 331 294
1 463 294
2 26
2 26
2 26
1 70 26
1 132 26
1 457 26
1 13 400
1 95 400
1 230 400
2 294
2 294
2 294
1 187 294
1 457 294
1 491 294
2 294
2 294
2 294
1 23 294
1 242 294
1 295 294
2 343
2 343
2 343
2 343
1 23 343
1 232 343
1 254 343
1 458 343
2 105
2 105
2 105
2 105
1 23 105
1 254 105
1 292 105
1 302 105
2 26
2 26
2 26
1 410 26
1 439 26
1 480 26
1 117 23
1 350 23
1 414 23
1 147 457
1 337 457
2 294
2 294
2 294
2 294
1 35 294
1 184 294
1 293 294
1 337 294
2 343
2 343
2 343
2 343
1 120 343
1 138 343
1 147 343
1 296 343
2 26
2 26
2 26
2 26
1 138 26
1 167 26
1 271 26
1 307 26
2 108
2 108
2 108
2 108
1 23 108
1 23 108
1 23 108
1 167 108
1 120 147
1 166 147
1 368 147
2 294
2 294
2 294
1 271 294
1 310 294
1 413 294
1 413 474
2 294
2 294
2 294
2 294
1 85 294
1 271 294
1 422 294
1 426 294
1 15 271
1 325 271
1 393 271
2 294
2 294
2 294
2 294
1 85 294
1 158 294
1 394 294
1 487 294
1 256 77
1 286 77
1 358 286
1 29 254
1 94 254
1 348 254
2 294
2 294
2 294
2 294
1 74 294
1 94 294
1 163 294
1 404 294
2 348
1 177 348
1 369 348
1 230 92
1 317 92
1 259 23
1 299 23
1 330 23
1 194 131
2 343
2 343
2 343
1 179 343
1 264 343
1 373 343
1 373 207
2 26
2 26
2 26
2 26
1 55 26
1 55 26
1 55 26
1 264 26
2 294
2 294
2 294
1 34 294
1 305 294
1 366 294
2 294
2 294
2 294
1 34 294
1 71 294
1 471 294
1 222 470
1 305 470
1 156 130
1 371 130
2 371
1 363 371
1 501 371
1 340 363
2 300
2 300
2 300
1 185 300
1 206 300
1 340 300
1 185 162
1 414 162
1 106 185
1 418 185
1 82 414
1 420 414
1 283 55
1 344 55
1 405 55
2 156
1 63 156
1 466 156
2 26
2 26
2 26
2 26
1 63 26
1 130 26
1 130 26
1 130 26
2 343
2 343
2 343
2 343
1 63 343
1 266 343
1 266 343
1 266 343
1 220 130
1 303 130
1 345 130
1 310 266
1 353 266
1 93 219
1 279 219
2 300
1 279 300
1 323 340
1 448 340
1 489 340
1 168 13
1 433 13
1 3 310
1 157 310
1 369 310
1 376 369
1 116 63
1 202 63
1 284 63
1 102 284
2 294
2 294
2 294
1 11 294
1 180 294
1 319 294
2 462
2 462
2 462
2 462
1 92 462
1 92 462
1 92 462
1 319 462
1 99 319
1 294 92
1 294 92
1 294 92
1 328 99
1 500 99
2 26
2 26
2 26
2 26
1 43 26
1 122 26
1 180 26
1 500 26
2 121
2 121
1 328 121
1 469 121
1 499 121
2 462
2 462
2 462
1 314 462
1 469 462
1 472 462
1 489 314
2 294
1 470 294
1 470 294
1 470 294
1 472 294
1 122 330
1 215 330
1 58 470
1 134 470
2 294
2 294
2 294
1 11 294
1 154 294
1 479 294
2 278
1 154 278
1 166 62
1 447 62
1 112 154
1 359 154
1 479 154
2 32
1 479 32
2 105
2 105
2 105
1 397 105
1 423 105
1 476 105
1 76 479
1 86 479
1 509 479
1 19 120
1 76 120
1 203 117
1 361 117
1 203 361
1 346 361
1 407 361
1 407 470
1 21 500
1 430 500
1 396 85
1 416 85
2 26
2 26
2 26
2 26
2 26
1 92 26
1 92 26
1 92 26
1 92 26
1 396 26
1 70 11
1 110 11
1 110 167
1 267 167
1 136 405
1 289 405
2 26
2 26
2 26
2 26
2 26
1 136 26
1 271 26
1 271 26
1 271 26
1 271 26
1 289 92
1 400 92
1 400 92
1 400 92
1 102 267
1 103 267
1 243 267
1 21 472
1 313 472
1 342 472
1 143 246
1 320 246
1 10 193
1 317 193
1 8 203
1 453 203
2 26
2 26
2 26
2 26
1 8 26
1 162 26
1 162 26
1 162 26
1 101 407
1 355 407
1 408 407
1 225 355
2 26
2 26
2 26
2 26
1 225 26
1 472 26
1 472 26
1 472 26
2 26
2 26
2 26
2 26
2 26
1 225 26
1 470 26
1 470 26
1 470 26
1 470 26
1 12 470
1 384 470
1 127 279
1 400 279
1 127 514
1 143 327
1 400 327
1 203 400
1 203 400
1 203 400
1 215 162
1 257 162
1 379 162
1 379 373
1 437 373
1 281 379
1 385 379
1 182 281
1 484 281
1 257 352
1 478 352
1 404 257
1 453 257
1 72 453
1 167 404
1 167 404
1 167 404
1 149 480
1 465 480
1 101 21
1 465 21
1 101 368
1 388 101
1 12 465
1 35 465
1 208 35
1 176 12
1 229 12
1 84 203
1 97 203
1 481 203
1 158 225
1 481 225
1 509 225
2 294
2 294
2 294
2 294
1 327 294
1 327 294
1 327 294
1 509 294
1 233 327
1 315 327
2 294
2 294
2 294
2 294
1 219 294
1 219 294
1 219 294
1 481 294
1 457 481
1 457 481
1 457 481
1 51 509
1 160 509
1 315 509
1 42 219
1 115 219
1 144 219
1 78 144
1 380 144
1 51 289
1 159 289
1 324 289
1 128 159
1 395 159
1 171 472
1 389 472
1 395 472
1 244 395
2 26
2 26
2 26
2 26
1 140 26
1 140 26
1 140 26
1 389 26
2 105
2 105
2 105
2 105
2 105
1 389 105
1 481 105
1 481 105
1 481 105
1 481 105
1 387 140
1 454 140
2 343
2 343
2 343
2 343
1 77 343
1 77 343
1 77 343
1 454 343
1 85 77
1 85 77
1 85 77
1 272 51
1 288 51
1 288 167
1 394 167
1 401 167
1 394 225
1 361 394
1 361 394
1 361 394
1 204 402
1 401 402
1 5 288
1 489 288
2 278
1 489 278
1 330 489
1 330 489
1 330 489
1 272 375
1 128 330
1 197 330
1 237 330
1 507 128
2 108
2 108
2 108
2 108
1 21 108
1 21 108
1 21 108
1 197 108
1 115 389
1 237 389
1 380 389
1 213 21
1 469 21
1 61 213
1 487 213
2 278
1 487 278
1 189 197
1 324 197
2 294
2 294
2 294
2 294
1 11 294
1 11 294
1 11 294
1 189 294
1 123 5
1 438 5
1 425 283
1 413 172
1 33 70
1 88 11
1 399 11
1 511 399
1 88 457
1 146 457
1 226 457
1 285 88
1 18 285
1 20 285
1 107 18
1 418 18
1 107 53
1 230 53
2 294
2 294
2 294
2 294
1 107 294
1 373 294
1 373 294
1 373 294
1 51 107
1 51 107
1 51 107
1 120 51
1 120 51
1 120 51
1 182 120
1 332 120
1 20 230
1 307 230
1 417 230
1 312 307
1 452 307
1 220 20
1 410 20
1 337 220
1 350 220
1 147 481
1 147 481
1 147 481
1 350 481
1 90 136
1 337 136
1 6 90
1 138 90
1 56 138
1 60 138
1 241 60
1 6 337
1 389 337
1 389 337
1 389 337
1 16 332
1 56 332
1 475 332
2 294
2 294
2 294
2 294
2 294
1 151 294
1 151 294
1 151 294
1 151 294
1 475 294
1 50 454
1 512 454
2 462
2 462
2 462
2 462
2 462
1 337 462
1 337 462
1 337 462
1 337 462
1 512 462
1 248 350
1 356 350
1 59 109
1 295 41
1 352 295
1 352 295
1 352 295
1 347 352
1 461 352
1 97 347
1 62 97
1 62 97
1 62 97
2 26
1 62 26
1 73 393
1 261 248
1 81 104
1 81 40
1 141 81
1 323 141
1 452 323
1 261 452
1 434 452
1 200 361
1 434 361
1 200 29
1 381 29
2 26
1 200 26
1 381 34
1 512 34
1 384 381
1 492 381
1 111 512
1 450 512
1 487 58
1 224 157
1 95 337
1 224 337
1 511 337
1 95 352
1 64 112
1 45 151
1 64 151
1 424 151
1 375 487
1 375 487
1 375 487
1 424 487
1 144 375
1 144 375
1 144 375
1 53 144
1 53 144
1 53 144
1 30 53
1 345 149
1 27 232
1 27 61
1 243 61
1 23 200
1 23 200
1 23 200
1 243 200
1 179 27
1 422 27
2 89
1 179 89
1 71 179
1 86 179
2 343
2 343
2 343
2 343
2 343
1 86 343
1 352 343
1 352 343
1 352 343
1 352 343
1 442 71
1 483 71
1 442 180
1 442 345
1 152 442
1 201 442
1 54 201
1 436 50
1 436 62
1 472 62
1 472 62
1 472 62
1 326 436
1 326 355
1 467 326
1 493 326
1 203 352
1 203 352
1 203 352
1 467 352
1 223 322
1 411 322
1 58 410
1 58 410
1 411 410
2 294
2 294
2 294
2 294
2 294
1 58 294
1 487 294
1 487 294
1 487 294
1 487 294
2 462
2 462
2 462
2 462
2 462
1 58 462
1 77 462
1 77 462
1 77 462
1 77 462
1 7 487
1 223 487
1 433 487
1 380 58
1 217 380
1 372 380
1 303 475
1 372 475
1 428 475
1 303 42
1 127 77
1 335 217
1 303 147
1 449 411
1 449 147
1 374 449
1 257 303
1 257 303
1 257 303
1 374 303
1 134 86
1 57 384
1 57 418
1 454 418
1 454 418
1 506 510
2 294
2 294
2 294
2 294
2 294
1 107 294
1 107 294
1 107 294
1 107 294
1 506 294
1 414 107
1 414 107
1 414 107
1 506 350
1 12 506
1 12 506
1 12 506
1 414 77
1 414 411
1 197 414
1 197 414
1 197 414
1 510 197
1 510 197
1 320 59
1 251 45
1 196 171
1 376 103
1 249 182
1 398 249
1 510 134
1 148 312
1 148 140
1 342 165
1 488 261
1 100 95
1 488 95
1 496 95
1 274 152
1 507 422
2 294
2 294
2 294
2 294
1 167 294
1 167 294
1 167 294
1 507 294
1 469 210
1 507 210
1 394 469
1 394 469
1 394 469
1 394 469
1 507 134
1 270 365
1 495 78
1 288 507
1 288 507
1 288 507
1 495 507
1 288 414
1 495 259
1 479 495
1 479 495
1 479 495
1 124 67
1 29 394
1 29 394
1 29 394
1 124 394
1 29 512
1 158 29
1 124 21
1 454 158
1 10 454
1 173 454
2 26
2 26
2 26
2 26
2 26
1 10 26
1 394 26
1 394 26
1 394 26
1 394 26
1 131 10
1 131 10
1 131 10
1 154 131
1 154 131
1 154 131
1 488 154
1 488 86
1 236 66
1 39 163
1 191 163
2 343
2 343
2 343
2 343
2 343
1 39 343
1 131 343
1 131 343
1 131 343
1 131 343
1 191 394
1 402 394
1 402 394
1 402 394
2 39
1 34 39
1 34 39
1 34 39
1 226 204
1 41 226
1 41 226
1 221 424
1 466 288
1 466 45
1 36 80
1 423 389
1 250 6
1 455 6
1 75 455
1 20 488
1 20 488
1 20 488
1 75 488
1 11 20
1 11 20
1 259 75
1 259 75
1 259 271
1 281 271
1 281 271
1 281 271
1 505 259
2 26
2 26
2 26
2 26
2 26
1 352 26
1 352 26
1 352 26
1 352 26
1 505 26
2 26
2 26
2 26
2 26
2 26
1 295 26
1 295 26
1 295 26
1 295 26
1 505 26
1 295 197
1 285 281
1 285 281
1 285 281
1 398 11
1 398 260
1 92 398
1 92 398
1 92 398
1 92 398
1 33 92
1 317 92
1 492 237
1 19 12
1 19 151
1 64 19
1 344 19
1 174 64
1 342 191
1 500 342
1 500 342
1 500 342
1 511 272
1 262 511
2 343
2 343
2 343
2 343
2 343
1 262 343
1 342 343
1 342 343
1 342 343
1 342 343
1 342 414
1 349 342
1 349 342
1 349 342
1 349 342
1 349 507
1 55 349
1 55 349
1 55 349
1 370 55
1 134 295
1 134 295
1 134 295
1 370 295
1 239 134
1 296 134
2 26
2 26
2 26
2 26
1 164 26
1 164 26
1 164 26
1 296 26
1 296 53
1 239 352
1 254 352
1 254 352
1 254 352
2 294
2 294
2 294
2 294
2 294
1 254 294
1 512 294
1 512 294
1 512 294
1 512 294
1 45 254
1 45 254
1 45 254
1 164 487
1 239 11
1 223 45
1 418 223
1 418 223
1 418 223
1 490 296
1 490 422
1 490 34
1 305 490
1 401 490
1 401 221
1 401 299
1 401 86
1 401 272
1 185 401
1 185 401
1 185 401
1 209 185
1 318 185
1 318 147
1 280 318
1 353 318
1 353 356
1 28 353
1 482 28
2 300
1 482 300
2 270
2 270
2 270
1 90 270
1 90 270
1 90 270
1 482 270
1 90 172
1 482 204
1 482 124
1 164 90
1 372 90
1 172 164
1 172 164
1 172 164
1 182 172
1 182 172
1 219 182
1 219 182
1 219 182
1 478 84
1 476 148
2 348
1 476 348
1 403 476
1 184 173
1 383 385
1 478 383
1 272 478
1 272 478
1 272 478
1 477 463
1 111 76
1 111 512
1 159 512
1 159 512
1 159 512
1 159 124
1 136 111
1 136 111
1 136 111
1 479 136
1 407 479
1 407 479
1 407 479
1 407 120
1 159 148
1 169 143
1 407 143
1 65 407
1 338 407
2 105
1 338 105
1 338 392
1 169 159
1 404 159
1 404 159
1 404 159
1 404 159
1 108 404
1 108 404
1 108 404
1 108 404
1 21 482
1 21 482
1 21 482
1 21 482
1 169 482
1 197 21
1 197 21
1 197 21
1 197 21
1 410 169
1 410 169
1 410 169
1 451 197
1 451 453
1 484 115
1 377 302
1 416 65
1 357 416
1 508 357
1 508 53
1 501 176
1 137 501
2 26
2 26
2 26
2 26
1 137 26
1 267 26
1 267 26
1 267 26
1 267 55
1 267 90
1 176 267
1 176 267
1 176 401
2 26
2 26
2 26
2 26
2 26
2 26
1 176 26
1 482 26
1 482 26
1 482 26
1 482 26
1 482 26
1 312 176
1 312 176
1 193 131
1 193 131
1 193 131
1 312 131
1 452 312
1 452 312
1 452 312
1 210 452
1 210 452
1 210 452
1 424 210
1 424 210
1 427 424
1 456 424
1 427 115
2 108
1 147 108
1 147 108
1 147 108
1 147 108
1 427 108
1 114 427
1 241 427
2 294
2 294
2 294
2 294
2 294
1 114 294
1 281 294
1 281 294
1 281 294
1 281 294
1 50 114
1 50 114
1 50 384
1 242 193
1 280 193
1 280 65
1 280 64
1 98 50
1 341 50
1 341 11
1 98 476
1 448 98
1 472 98
1 444 448
1 456 448
1 456 191
1 482 451
1 510 451
1 272 122
1 510 122
1 510 513
1 115 510
1 115 510
1 115 510
1 322 115
1 322 115
1 322 147
1 448 147
1 448 147
1 448 147
1 97 482
1 97 482
1 97 482
1 97 482
1 322 482
1 291 97
1 291 322
1 422 322
1 422 322
1 422 322
1 422 266
1 291 193
1 291 185
1 375 291
1 375 291
1 375 291
1 375 291
1 375 400
1 162 448
1 162 448
1 162 448
1 433 162
1 456 162
1 122 433
1 122 433
1 122 433
1 253 242
1 253 280
1 457 280
1 457 280
1 457 280
1 253 296
2 105
1 253 105
1 253 176
1 253 34
1 457 338
1 457 77
1 457 342
1 421 457
1 428 457
1 303 253
1 303 253
1 303 253
1 303 253
1 428 253
1 91 428
1 78 303
1 78 303
1 91 303
1 167 78
1 421 12
1 375 305
1 233 375
1 497 375
2 108
1 497 108
2 26
2 26
2 26
2 26
2 26
1 147 26
1 147 26
1 147 26
1 147 26
1 497 26
2 32
1 497 32
2 26
2 26
2 26
2 26
2 26
1 111 26
1 111 26
1 111 26
1 111 26
1 233 26
1 346 111
1 174 346
1 362 346
1 497 261
1 497 476
1 121 497
1 121 497
1 121 497
1 121 305
1 362 8
1 387 8
1 387 136
1 233 56
1 25 233
1 285 233
1 445 285
1 325 445
1 439 445
1 292 25
1 468 122
1 468 64
1 127 91
1 127 90
1 362 331
1 86 127
1 86 127
1 86 127
1 86 127
1 362 127
1 362 233
1 59 86
1 59 86
1 362 241
1 377 241
2 502
1 377 502
2 121
1 11 121
1 11 121
1 11 121
1 11 121
1 377 121
2 108
1 377 108
1 271 11
1 271 11
1 271 11
1 271 11
1 102 16
1 377 16
1 291 377
1 291 377
1 291 377
1 291 377
1 291 377
1 442 291
1 442 291
1 442 291
1 21 362
1 21 362
1 21 362
1 21 362
1 21 362
1 442 362
1 507 21
1 507 21
1 507 21
1 507 21
1 507 21
1 173 507
1 173 507
1 155 57
1 173 57
1 61 442
1 61 442
1 61 442
1 155 442
2 26
2 26
2 26
2 26
2 26
1 61 26
1 62 26
1 62 26
1 62 26
1 62 26
1 61 375
1 27 155
1 27 155
1 27 155
1 84 173
1 84 173
1 84 61
1 394 61
1 394 61
1 394 61
1 394 61
2 26
2 26
2 26
2 26
2 26
1 84 26
1 223 26
1 223 26
1 223 26
1 223 26
1 279 84
1 279 84
1 279 84
1 463 279
1 463 279
1 500 463
1 500 173
1 500 474
1 500 442
1 315 262
1 500 262
1 74 500
2 26
2 26
2 26
2 26
2 26
2 26
1 74 26
1 127 26
1 127 26
1 127 26
1 127 26
1 127 26
1 272 223
1 385 272
1 385 272
1 263 394
1 5 315
1 5 315
1 263 315
2 294
2 294
2 294
2 294
2 294
1 120 294
1 120 294
1 120 294
1 120 294
1 263 294
1 120 162
1 120 179
1 120 413
1 120 184
1 263 197
1 263 92
1 442 263
1 442 263
1 442 263
1 442 263
1 442 263
1 62 59
1 112 62
1 112 62
1 112 442
1 476 442
1 476 442
1 476 442
1 476 442
1 270 112
1 270 112
1 270 112
1 270 112
1 241 270
1 241 270
1 241 270
1 241 478
1 241 232
1 241 92
1 505 476
1 162 505
1 162 505
1 162 505
1 162 505
1 162 323
1 162 479
1 422 290
1 263 120
1 263 120
1 263 120
1 263 120
1 263 120
1 263 120
1 422 120
1 147 263
1 339 263
1 339 241
1 469 241
1 469 241
1 469 241
1 469 241
1 469 241
1 11 422
1 11 422
1 11 422
1 11 422
1 11 422
1 213 469
1 213 469
1 213 469
1 313 147
1 421 147
1 421 279
1 200 127
1 200 127
1 200 127
1 200 127
1 313 127
1 200 263
1 261 421
1 261 421
1 261 421
1 261 162
1 280 162
1 280 162
1 280 162
1 280 162
1 247 261
1 247 261
1 247 261
1 63 313
1 63 313
1 63 313
1 280 91
1 280 422
1 481 280
1 481 280
1 481 280
1 481 280
1 481 416
1 7 481
1 24 481
1 75 7
1 75 7
1 75 7
1 24 467
1 96 467
1 209 467
1 96 281
1 405 281
1 405 281
1 405 281
2 343
1 96 343
1 96 500
1 225 500
1 225 500
1 225 500
1 225 500
1 204 96
1 204 96
1 204 96
1 5 204
1 191 5
1 191 5
1 191 5
1 191 233
1 303 191
1 303 191
1 303 191
1 405 189
1 418 189
1 33 405
1 226 33
1 226 33
1 226 33
1 209 63
1 209 29
2 26
2 26
2 26
2 26
2 26
2 26
1 92 26
1 92 26
1 92 26
1 92 26
1 92 26
1 209 26
1 209 421
1 488 92
1 488 92
1 488 92
1 488 92
1 95 209
1 95 209
1 95 209
1 383 95
1 383 95
2 108
2 108
2 108
2 108
2 108
1 383 108
1 448 108
1 448 108
1 448 108
1 448 108
1 487 448
1 487 448
1 487 448
1 487 448
1 80 383
1 80 383
1 18 472
1 18 472
1 18 472
1 80 472
1 18 349
1 18 482
1 65 80
1 65 80
1 65 80
1 103 65
1 103 65
1 410 239
1 487 239
1 487 164
1 313 410
1 313 410
1 313 410
1 313 410
1 262 313
1 262 313
1 262 313
1 262 97
2 108
1 262 108
1 262 510
1 514 262
1 514 262
1 514 262
1 514 262
1 514 262
1 514 262
1 200 514
1 219 514
1 475 219
1 475 219
1 475 219
1 171 200
1 171 200
1 475 59
1 228 18
1 228 401
1 159 487
1 159 487
1 159 487
1 159 487
1 159 487
1 228 487
1 230 228
1 230 228
1 230 228
1 230 166
1 434 166
1 230 124
1 304 434
1 117 230
1 117 230
1 117 230
1 10 159
1 10 159
1 10 159
1 10 159
1 117 159
1 189 117
1 189 117
1 189 117
2 121
1 189 121
1 113 75
1 37 113
1 37 10
1 91 10
1 91 10
1 91 10
1 91 63
1 316 37
1 430 37
1 330 316
1 330 316
1 330 316
1 330 180
1 148 330
1 148 330
1 148 330
1 38 225
1 38 280
1 282 103
1 194 499
1 282 499
1 247 194
1 341 194
1 248 341
1 248 341
1 282 76
1 282 168
1 282 345
1 282 305
1 90 282
1 90 282
1 90 282
1 90 282
1 90 282
1 90 451
1 90 361
1 324 247
1 435 247
1 435 111
1 71 435
1 71 435
1 71 435
1 324 90
1 398 90
1 398 90
1 398 90
1 398 90
1 398 90
1 398 213
1 71 398
1 80 398
1 80 398
1 80 398
1 80 398
1 99 80
1 99 80
1 99 80
1 74 38
1 74 228
1 431 74
1 473 74
2 348
1 431 348
1 10 11
1 10 11
1 10 11
1 10 11
1 473 11
2 343
2 343
2 343
2 343
2 343
2 343
2 343
1 21 343
1 21 343
1 21 343
1 21 343
1 21 343
1 21 343
1 473 343
1 473 383
2 294
2 294
2 294
2 294
2 294
2 294
1 410 294
1 410 294
1 410 294
1 410 294
1 410 294
1 473 294
1 301 410
1 429 410
2 121
1 429 121
1 340 10
1 340 10
1 340 10
1 429 10
1 473 18
1 473 154
1 76 473
1 76 473
1 76 473
1 76 134
1 76 513
1 157 76
1 157 76
1 71 21
1 102 21
1 102 329
1 71 330
1 501 71
1 501 71
1 102 158
1 102 70
1 448 102
1 448 102
1 448 102
1 448 102
1 448 102
1 339 226
1 448 226
1 339 191
2 343
1 448 343
1 445 339
1 445 339
1 445 339
1 445 319
2 26
2 26
2 26
2 26
2 26
2 26
1 404 26
1 404 26
1 404 26
1 404 26
1 404 26
1 445 26
1 445 410
1 404 456
1 470 404
1 470 404
1 470 404
1 5 445
1 5 445
1 5 445
1 5 445
1 16 470
1 16 470
1 16 470
1 326 16
1 326 16
1 326 16
1 322 448
1 322 448
1 322 448
1 322 448
1 326 448
1 125 5
1 409 5
2 26
2 26
2 26
2 26
2 26
2 26
1 127 26
1 127 26
1 127 26
1 127 26
1 127 26
1 409 26
1 127 405
1 127 489
1 127 341
1 497 127
1 497 127
1 497 127
1 497 127
1 125 76
1 125 280
1 125 253
1 416 125
1 416 125
1 416 125
1 277 157
1 496 157
1 91 277
1 91 401
1 304 496
1 483 496
2 294
1 304 294
1 304 448
1 180 416
1 180 416
1 180 416
1 483 416
1 483 497
1 513 497
1 513 497
1 513 497
1 513 497
1 513 497
1 513 497
1 186 304
1 195 304
1 186 351
1 260 186
1 260 186
1 336 195
1 466 195
1 466 449
1 98 466
1 98 466
1 98 466
2 105
1 98 105
1 179 91
1 179 91
1 179 91
1 179 91
1 336 91
1 336 513
1 433 513
1 433 513
1 433 513
1 433 513
1 276 433
1 276 470
1 98 85
1 301 85
1 98 209
1 98 338
1 301 189
1 467 189
1 467 189
1 467 189
1 301 220
1 11 98
1 11 98
1 11 98
1 11 98
1 11 98
1 301 98
1 506 301
1 506 301
1 506 301
1 506 301
1 467 326
1 488 326
1 467 217
1 305 467
1 305 467
1 305 467
1 305 467
1 145 305
1 459 305
1 309 260
1 488 260
1 309 3
1 220 11
1 220 11
1 220 11
1 220 11
1 309 11
1 309 18
1 151 309
1 151 309
1 151 309
1 151 309
1 151 403
1 39 151
1 39 151
1 39 151
1 39 151
1 39 510
1 145 24
1 227 24
1 145 94
1 227 98
1 145 197
1 145 239
1 145 251
1 384 145
1 384 145
1 384 145
1 384 95
1 163 384
1 163 384
1 163 467
1 95 39
1 95 39
1 95 39
1 95 39
1 163 39
2 502
1 163 502
1 163 325
1 266 95
1 266 95
1 266 95
1 266 95
1 266 254
1 185 266
1 185 266
1 185 266
1 185 266
1 185 454
1 185 448
1 108 185
1 108 185
1 108 185
1 108 185
1 108 185
1 108 185
1 163 393
1 505 163
1 505 163
1 505 163
1 505 163
1 505 163
1 505 427
1 478 505
1 478 505
1 478 505
1 478 505
1 478 505
1 93 506
1 129 506
2 108
2 108
1 129 108
1 422 108
1 422 108
1 422 108
1 422 108
1 422 108
1 422 108
1 422 108
1 422 431
1 93 418
1 379 418
1 379 418
1 379 418
1 217 93
1 217 93
1 217 93
2 502
1 379 502
1 217 270
1 217 421
2 26
2 26
1 217 26
1 217 26
1 489 217
1 489 217
1 489 217
1 489 217
1 489 217
1 130 489
1 130 489
1 130 489
1 130 489
1 335 130
1 335 422
1 342 422
1 342 422
1 342 422
1 342 422
1 342 422
1 342 422
1 342 127
1 337 342
1 337 342
1 337 342
1 337 353
1 337 407
1 379 285
1 182 379
1 182 379
1 182 379
1 182 379
1 437 182
1 464 182
1 52 437
1 52 358
1 249 423
1 249 423
1 464 423
1 464 266
1 464 384
1 464 271
1 464 505
1 464 158
1 464 163
1 134 464
1 134 464
1 134 464
1 134 464
1 134 167
1 134 99
1 426 99
1 426 62
1 411 134
1 411 134
1 411 134
1 23 411
1 135 411
1 135 98
1 11 337
1 11 337
1 11 337
1 11 337
1 11 337
1 426 337
1 426 373
2 108
1 426 108
1 348 426
1 348 426
1 348 426
1 348 426
1 348 426
1 23 313
1 23 463
1 23 84
1 23 380
1 505 23
1 505 23
1 505 23
1 505 23
1 505 23
1 505 23
1 505 23
1 505 102
1 505 506
1 505 122
1 505 353
1 215 505
1 417 505
1 215 271
1 215 147
1 215 197
1 352 215
1 352 215
1 352 215
1 352 215
1 496 352
1 496 352
1 496 352
1 496 86
1 195 496
1 195 496
1 195 496
1 340 135
1 112 488
1 112 488
1 112 488
1 112 488
1 112 488
1 340 488
1 491 478
2 309
1 491 309
1 378 491
1 378 505
1 421 505
1 421 505
1 421 505
1 421 505
1 421 505
1 421 505
1 183 378
1 183 340
1 381 340
1 381 340
1 381 340
2 121
1 183 121
1 183 117
1 183 457
1 331 183
1 331 183
1 331 401
1 421 267
1 189 421
1 189 421
1 189 421
1 189 421
1 331 389
1 472 331
1 472 331
1 472 331
1 472 331
1 472 433
1 246 472
1 246 472
1 246 472
1 246 97
1 246 220
1 376 220
1 376 96
1 424 376
1 424 376
1 424 376
1 424 162
1 246 463
1 380 246
1 380 246
1 380 246
1 380 246
1 335 171
1 424 171
1 158 424
1 158 424
1 158 424
1 158 424
2 158
2 158
1 337 158
1 337 158
1 337 158
1 337 158
1 337 158
1 337 158
1 335 122
1 268 381
1 483 381
2 343
1 268 343
1 268 428
1 483 86
1 483 465
1 59 268
1 59 268
1 59 268
1 59 250
1 59 464
1 148 59
1 417 59
1 7 148
1 7 148
1 7 148
1 7 148
1 7 98
1 281 7
1 281 7
1 281 7
1 281 7
1 417 337
1 451 337
1 451 337
1 451 337
1 451 337
1 417 301
1 417 106
1 417 213
1 417 200
1 10 417
1 10 417
1 10 417
1 10 417
1 370 180
1 370 473
1 483 196
1 171 483
1 171 483
1 171 483
1 112 82
1 442 112
1 442 112
1 442 112
1 442 112
1 442 112
1 451 68
1 423 451
1 423 451
1 423 451
1 396 52
1 396 19
2 348
1 61 348
1 61 348
1 61 348
1 61 348
1 61 348
1 396 348
1 396 220
1 194 61
1 194 61
1 194 61
1 396 65
1 287 396
1 287 396
1 287 396
1 283 287
1 283 287
1 423 380
1 495 423
1 495 423
1 495 423
1 495 423
1 178 495
1 203 495
1 332 203
1 332 203
1 332 203
1 178 513
1 178 442
1 454 442
1 454 442
1 454 442
1 454 442
1 332 223
1 332 282
1 15 178
1 409 178
1 409 134
1 15 381
1 409 237
1 110 41
1 332 41
1 110 456
1 332 445
1 110 200
1 332 58
1 144 332
1 144 332
1 144 332
1 144 332
2 343
2 343
2 343
2 343
2 343
2 343
2 343
2 343
1 144 343
1 144 343
1 510 343
1 510 343
1 510 343
1 510 343
1 510 343
1 510 343
1 510 332
1 379 510
1 379 510
1 379 510
1 379 510
1 379 510
1 144 154
1 379 135
1 352 379
1 352 379
1 352 379
1 352 379
1 6 110
1 6 110
1 367 352
1 367 457
1 359 324
1 322 359
2 108
1 322 108
1 236 322
1 388 322
1 14 236
1 14 335
1 33 335
1 33 335
1 33 335
1 33 335
2 478
2 478
1 14 478
1 96 478
1 96 478
1 96 478
1 96 478
1 96 478
1 14 379
1 14 369
2 26
1 14 26
1 14 366
1 14 267
1 14 20
1 14 422
1 58 14
1 58 14
1 58 14
2 26
1 58 26
1 169 58
1 169 58
1 169 58
1 169 58
1 84 144
1 84 144
1 84 144
1 84 144
1 84 144
1 169 144
2 348
1 169 348
1 65 169
1 65 169
1 65 169
1 65 169
2 300
1 84 300
1 84 433
1 41 84
1 41 84
1 41 84
1 65 304
1 388 394
1 33 11
1 248 11
2 478
1 33 478
1 461 33
1 475 33
1 385 461
2 26
1 475 26
1 385 398
1 37 475
1 37 475
1 37 475
1 354 37
1 446 37
1 446 145
2 121
1 446 121
1 13 281
1 13 281
1 13 281
1 354 281
1 13 14
1 488 14
1 488 14
1 488 14
1 488 14
1 488 14
1 488 14
1 70 13
1 70 13
1 70 13
1 103 70
1 103 70
1 103 28
1 154 103
1 154 103
1 154 103
1 154 103
1 86 488
1 86 488
1 86 488
1 86 488
1 86 488
1 154 488
1 86 1
1 232 86
1 232 86
1 232 86
1 154 144
1 462 154
1 462 154
1 462 154
1 462 154
1 462 154
1 429 462
1 492 462
2 462
2 462
2 462
1 331 462
1 331 462
1 331 462
1 331 462
1 331 462
1 429 462
2 121
1 331 121
1 253 331
1 253 331
1 253 331
1 253 331
1 253 331
1 253 331
1 253 514
1 253 491
1 280 253
1 280 253
1 280 253
1 280 253
1 280 253
1 280 253
1 280 253
1 307 280
1 307 280
1 307 280
1 260 307
1 260 307
1 260 307
2 179
2 179
1 260 179
1 423 179
1 423 179
1 423 179
1 423 179
1 423 179
2 478
1 423 478
1 237 260
1 237 260
1 237 260
1 283 237
1 364 237
1 283 483
1 283 425
1 283 373
1 283 483
1 185 283
1 185 283
1 185 283
1 185 283
1 185 283
1 185 283
1 185 283
1 185 45
1 365 354
1 365 354
1 365 378
1 365 217
1 290 232
1 290 232
1 290 483
1 195 96
1 459 96
1 402 459
1 194 402
1 205 385
1 205 185
1 465 185
1 465 185
1 465 185
1 465 185
1 205 71
1 205 56
1 152 465
1 152 465
1 36 152
1 36 423
1 335 423
1 335 423
1 335 423
1 335 423
1 335 423
1 129 36
2 313
1 129 313
1 416 129
1 416 129
1 416 129
1 416 129
1 116 205
1 240 205
2 343
1 116 343
1 116 514
1 240 287
1 477 240
1 477 189
1 173 409
1 173 409
1 173 409
1 173 409
1 477 409
1 166 477
1 166 477
1 166 477
1 173 166
1 222 166
1 388 166
2 26
1 388 26
1 117 388
1 117 388
1 117 388
1 117 388
1 117 388
2 32
1 117 32
2 26
2 26
2 26
2 26
2 26
2 26
2 26
1 173 26
1 487 26
1 487 26
1 487 26
1 487 26
1 487 26
1 487 26
1 487 431
1 383 487
1 383 487
1 383 487
1 383 487
1 383 296
1 222 380
1 222 268
1 194 222
1 199 222
1 316 194
1 316 194
1 316 194
1 316 194
1 82 476
1 82 476
1 199 476
1 199 305
1 199 253
2 26
2 26
2 26
2 26
2 26
2 26
2 26
1 82 26
1 162 26
1 162 26
1 162 26
1 162 26
1 162 26
1 162 26
1 82 396
1 82 466
1 64 199
1 64 199
1 64 199
1 64 199
1 64 433
1 64 80
1 381 64
1 381 64
1 381 64
1 381 64
1 82 285
1 381 68
1 458 381
1 504 381
1 458 29
1 504 349
1 269 504
1 269 182
1 239 173
1 239 173
1 239 173
1 239 173
1 269 173
1 269 240
1 110 239
1 110 239
1 110 239
1 423 110
1 423 110
1 423 110
1 423 110
1 423 110
1 423 110
1 458 302
1 458 389
2 294
2 294
2 294
2 294
2 294
2 294
2 294
2 294
2 294
1 422 294
1 422 294
1 422 294
1 422 294
1 422 294
1 422 294
1 422 294
1 422 294
1 458 294
1 458 64
1 458 464
1 416 458
1 416 61
1 182 416
1 182 416
1 182 416
1 182 416
1 182 163
1 463 182
1 463 182
1 463 182
1 463 182
1 463 339
1 25 422
1 25 422
1 25 10
1 476 10
1 476 10
1 476 10
1 25 216
1 109 25
1 109 25
2 26
1 109 26
1 109 154
1 67 463
1 67 463
1 67 420
1 190 117
1 227 117
2 108
1 227 108
1 227 428
1 227 251
1 227 510
2 105
1 227 105
1 190 194
1 190 162
1 268 162
1 268 162
1 268 162
1 268 162
1 268 162
1 268 7
1 268 227
1 448 227
1 448 227
1 448 227
1 448 227
1 448 227
1 448 227
1 448 227
1 158 448
1 158 448
1 158 448
1 158 448
1 158 448
1 158 448
1 158 448
1 268 377
1 190 55
1 190 427
1 354 190
1 354 190
1 354 190
1 57 158
1 57 158
1 57 158
1 75 57
1 75 57
2 294
1 75 294
1 269 257
1 336 257
1 89 269
1 89 269
1 89 269
1 89 269
1 89 269
1 336 385
1 336 365
1 224 336
1 390 336
1 224 246
1 224 325
1 390 74
2 26
2 26
2 26
2 26
2 26
2 26
2 26
2 26
2 26
1 390 26
1 401 26
1 401 26
1 401 26
1 401 26
1 401 26
1 401 26
1 401 26
1 401 26
1 241 401
1 241 401
1 241 401
1 241 401
1 241 401
1 241 401
1 390 401
1 241 461
1 390 500
1 390 291
1 95 390
1 95 390
1 95 390
1 95 390
1 95 390
1 371 95
1 371 95
1 371 95
1 371 508
1 8 224
1 8 224
1 8 224
1 241 6
1 454 6
1 454 164
1 454 158
1 166 454
1 166 454
1 166 454
1 166 454
1 166 272
2 348
1 166 348
1 241 37
1 56 241
1 56 241
1 56 241
1 56 384
1 56 247
1 270 56
1 270 56
1 270 56
1 270 56
1 270 56
1 270 31
1 82 27
1 383 27
1 330 82
1 330 82
1 330 82
1 330 82
1 330 82
1 383 99
1 330 21
1 15 330
1 493 330
1 352 15
1 352 15
1 307 352
1 307 352
1 307 352
1 307 352
1 493 63
1 205 493
1 205 493
1 205 493
1 205 458
1 488 458
1 488 458
1 488 458
1 488 458
1 488 458
1 488 458
1 383 303
1 387 303
1 37 387
1 37 387
1 37 387
1 37 387
1 37 261
1 37 151
1 37 451
1 37 495
1 497 37
1 497 37
1 497 37
1 497 37
1 497 37
1 497 37
1 497 37
1 497 495
1 480 497
1 480 497
1 480 497
1 384 422
1 384 422
1 384 422
1 384 422
1 384 422
1 480 422
2 179
1 384 179
1 309 384
1 309 384
1 309 384
1 309 384
1 309 384
1 309 384
1 480 18
2 26
1 480 26
1 140 309
1 140 309
1 140 309
1 140 309
1 140 295
1 480 45
1 106 140
1 106 140
1 106 140
2 502
1 106 502
1 106 291
1 442 106
1 442 106
1 442 106
1 442 106
1 442 106
1 276 8
1 276 488
1 281 488
1 281 488
1 281 488
1 281 488
1 276 158
1 261 276
1 261 276
1 261 276
1 261 276
1 261 276
1 261 463
1 270 202
1 507 270
1 507 270
1 507 270
1 337 507
1 337 507
1 337 507
1 337 507
1 337 507
1 337 274
1 337 473
2 26
2 26
2 26
2 26
2 26
2 26
2 26
2 26
2 26
2 26
1 253 26
1 253 26
1 253 26
1 253 26
1 253 26
1 253 26
1 253 26
1 253 26
1 253 26
1 337 26
1 337 472
1 454 337
1 454 337
1 454 337
1 454 337
1 454 337
1 253 451
1 228 454
1 228 454
1 228 454
1 228 454
1 228 454
1 228 67
1 253 380
1 269 253
1 269 253
1 269 253
1 269 253
1 269 253
1 269 253
1 302 228
1 302 228
1 302 228
2 179
1 302 179
1 5 302
1 5 302
1 5 302
1 5 242
1 315 5
1 315 5
1 315 5
1 315 11
2 294
1 315 294
2 108
1 315 108
1 315 256
1 422 315
1 422 315
1 422 315
1 422 315
1 422 315
1 422 315
1 187 269
1 273 269
1 273 206
1 231 273
1 231 128
1 79 231
1 79 480
1 341 480
1 341 480
1 341 480
1 341 480
1 341 84
1 187 223
1 187 342
1 148 205
1 148 205
1 148 205
1 148 205
1 148 205
1 187 205
1 174 187
1 148 268
1 164 268
1 164 268
1 164 268
1 164 268
1 164 268
1 164 268
1 151 383
1 151 383
1 151 383
1 151 383
1 151 383
1 151 383
1 174 383
1 151 183
1 174 401
1 148 185
1 233 174
1 233 174
1 233 174
1 233 174
1 233 174
1 233 407
1 389 233
1 389 233
1 389 233
1 389 233
1 122 151
1 122 151
1 122 151
1 122 151
1 389 140
1 389 405
1 164 21
1 164 86
1 164 97
1 282 164
1 282 164
1 282 164
1 282 164
1 282 164
1 282 164
1 282 164
1 282 132
1 282 413
1 282 285
1 473 282
1 473 282
1 473 282
1 473 282
1 473 282
1 473 282
1 473 470
1 473 500
1 300 473
1 300 473
1 300 473
1 300 473
1 300 473
1 300 473
1 300 473
1 79 389
1 289 389
1 289 389
1 289 389
1 79 187
1 24 341
1 24 341
1 24 341
1 350 24
1 350 24
1 350 24
1 350 99
1 350 111
1 350 5
1 488 350
1 488 350
1 488 350
1 488 350
1 488 350
1 79 33
1 79 232
1 79 341
1 63 79
1 63 79
1 63 79
1 63 79
1 180 63
1 180 63
1 289 85
1 143 289
1 143 289
1 143 289
1 509 143
1 509 143
1 509 143
1 509 50
1 122 476
1 19 122
1 19 122
1 19 122
1 19 122
1 19 239
1 361 19
1 361 19
1 361 19
1 361 19
1 160 361
1 442 361
1 442 95
1 442 473
1 442 514
1 442 11
1 468 442
1 322 468
1 322 468
1 322 468
1 209 322
1 209 322
1 209 322
1 209 322
1 209 322
1 174 209
1 174 209
1 174 209
1 174 209
1 174 209
1 174 209
1 174 305
1 174 434
1 470 174
1 470 174
1 470 174
1 470 174
1 470 174
1 470 174
1 153 470
1 441 470
1 441 320
1 307 153
1 307 21
2 32
1 307 32
1 269 307
1 269 307
1 269 307
1 269 246
1 269 187
1 269 204
1 269 352
1 269 497
1 106 269
1 106 269
1 106 269
1 106 269
1 106 269
1 106 269
1 106 454
1 106 324
1 90 106
1 90 106
1 90 106
1 90 106
1 90 106
1 90 106
1 300 65
1 300 320
1 300 374
1 300 471
1 16 300
1 16 300
1 16 300
1 16 300
1 16 442
1 163 442
1 163 442
1 163 442
1 163 442
1 163 442
1 163 442
1 163 442
1 163 442
1 163 42
1 163 183
1 163 187
1 199 163
1 199 163
1 199 163
1 199 163
1 199 163
1 199 76
1 199 337
1 199 464
1 99 199
1 99 199
1 99 199
1 99 199
1 99 199
1 99 341
1 99 174
1 331 99
1 331 99
1 331 99
1 331 99
1 331 99
1 331 99
1 331 99
1 16 52
1 331 116
1 441 116
1 331 337
1 285 16
1 285 16
1 285 16
1 285 16
1 285 16
1 441 16
1 285 95
1 144 331
1 144 331
1 144 331
1 144 331
1 144 331
1 144 331
1 144 331
1 285 331
2 26
1 285 26
1 285 331
1 441 469
1 85 285
1 85 285
1 85 285
1 85 285
1 69 85
1 69 85
1 69 85
1 69 487
1 69 327
1 69 120
1 69 186
1 69 228
1 261 148
1 261 228
2 294
1 261 294
1 261 220
1 344 261
1 354 261
1 354 307
2 26
2 26
2 26
2 26
2 26
2 26
2 26
2 26
2 26
2 26
1 354 26
1 442 26
1 442 26
1 442 26
1 442 26
1 442 26
1 442 26
1 442 26
1 442 26
1 442 26
2 300
2 300
2 300
1 331 300
1 331 300
1 331 300
1 331 300
1 331 300
1 331 300
1 331 300
1 331 300
1 331 300
1 354 300
1 156 354
1 156 354
1 156 354
1 344 8
1 344 417
2 462
1 344 462
1 441 442
1 441 389
1 441 394
1 154 441
1 154 441
1 154 441
1 154 441
1 154 441
1 154 441
1 154 441
1 484 160
1 439 90
1 266 154
1 266 154
1 266 154
1 266 154
1 266 154
1 266 154
1 439 154
2 343
1 439 343
1 439 69
1 482 69
1 482 69
1 482 69
1 482 69
1 482 69
1 482 69
1 341 439
1 341 439
1 341 439
1 341 439
1 341 439
1 341 439
1 341 177
1 209 341
1 209 341
1 209 341
1 209 341
1 209 341
1 209 341
1 209 341
1 209 146
1 186 209
1 186 209
1 186 209
1 186 209
1 324 186
1 324 186
1 324 186
1 324 37
1 324 298
1 324 293
1 324 222
1 324 130
1 482 475
1 482 413
1 266 34
1 429 266
1 303 429
1 303 429
1 303 429
1 354 303
1 354 303
1 354 303
1 354 303
1 513 354
1 513 354
1 513 354
1 513 354
1 513 354
1 513 354
1 423 513
1 230 423
1 230 423
1 230 423
1 230 423
1 66 230
1 66 230
1 306 331
1 306 269
1 290 306
1 290 200
1 290 102
1 339 290
1 339 290
1 339 290
1 339 290
1 339 290
1 276 144
1 276 144
1 276 144
1 276 144
1 276 144
1 276 144
1 339 144
1 276 481
1 55 339
1 55 339
1 55 339
1 55 339
1 242 55
1 242 55
1 242 55
1 242 400
2 121
1 242 121
1 242 324
1 401 324
1 401 324
1 401 324
1 401 324
1 401 324
1 401 324
1 401 324
1 401 324
1 242 337
1 90 242
1 90 242
1 90 510
1 278 90
1 278 90
1 278 90
1 278 90
1 278 90
1 278 90
1 278 90
1 278 336
1 278 336
1 278 336
1 278 336
1 401 269
1 344 278
1 488 278
1 109 488
1 243 488
1 243 289
1 243 303
1 68 109
1 68 109
1 68 109
1 68 264
1 196 68
1 196 68
1 243 174
1 243 490
1 162 276
1 162 276
1 162 276
1 162 276
1 162 276
1 162 276
1 196 276
1 243 182
1 110 243
1 110 243
1 110 243
1 110 243
1 110 243
1 110 243
1 110 243
1 110 82
1 110 158
1 155 110
1 155 110
1 155 110
1 155 110
1 499 155
1 499 155
1 499 155
1 499 498
1 499 228
1 499 215
1 499 79
1 401 288
1 401 19
1 401 497
1 99 401
1 99 401
1 99 401
1 99 401
1 99 401
1 99 401
1 99 401
1 99 401
1 99 464
1 99 82
1 99 54
1 99 72
1 430 344
1 492 344
1 100 430
1 281 430
1 100 219
1 283 278
1 283 278
1 283 278
1 283 278
1 283 278
1 283 278
1 283 278
1 283 278
1 492 278
1 283 332
1 220 281
1 220 281
1 220 281
1 220 281
1 220 281
1 287 220
1 287 220
1 287 220
1 287 220
2 105
1 287 105
1 157 283
1 157 283
1 157 283
1 157 268
1 157 241
1 295 241
1 295 241
1 295 241
1 295 241
1 295 241
1 157 442
1 157 483
1 157 65
1 157 304
1 154 157
1 154 157
1 154 157
1 154 157
1 154 157
1 154 157
1 154 157
1 295 38
2 300
1 295 300
1 295 209
1 295 190
1 295 157
1 82 295
1 82 295
1 82 295
1 82 295
1 82 295
1 82 295
1 82 295
1 82 295
1 52 82
1 52 82
1 52 82
1 52 230
1 100 160
1 100 223
1 492 156
1 501 156
1 492 116
1 492 375
1 492 424
1 492 332
1 492 394
1 147 492
1 147 492
1 147 492
1 147 492
1 241 147
1 241 147
1 241 147
1 241 147
1 241 147
1 241 147
1 249 162
1 501 162
1 228 482
1 228 482
1 228 482
1 228 482
1 228 482
1 228 482
1 228 482
1 249 482
1 228 457
1 439 228
1 439 228
1 439 228
1 439 228
1 439 228
1 439 228
1 439 228
1 501 389
1 501 185
1 501 224
1 501 164
1 482 501
1 482 501
1 482 501
1 482 501
1 482 501
1 482 501
1 482 501
1 482 501
1 42 439
1 42 439
1 42 439
1 42 482
1 500 482
1 500 482
1 500 482
1 500 482
1 500 482
1 500 482
1 500 482
1 393 42
1 393 42
1 393 42
1 96 500
1 96 500
1 96 500
1 96 94
1 309 96
1 309 96
1 309 96
1 309 96
1 309 96
1 309 99
1 482 99
1 482 99
1 482 99
1 482 99
1 482 99
1 482 99
1 482 99
1 482 99
1 309 261
1 309 90
1 84 309
1 84 309
1 84 309
1 84 309
1 84 309
1 84 25
1 14 482
1 14 482
1 14 482
1 14 482
1 14 482
1 14 482
1 14 482
1 393 482
1 364 14
1 364 419
1 310 364
1 310 364
1 310 364
1 310 383
1 310 329
1 393 390
1 39 310
1 39 310
1 39 310
1 39 310
1 39 310
1 393 117
1 316 52
1 393 52
1 69 393
1 69 393
1 69 393
1 69 393
1 69 393
1 69 393
1 69 393
1 444 39
1 166 100
1 166 307
1 384 166
1 384 166
1 384 166
1 384 166
1 384 166
1 384 166
1 384 166
1 384 367
1 45 384
1 45 384
1 45 384
1 45 384
1 165 45
1 165 45
1 165 200
1 165 295
1 165 156
1 165 184
1 38 165
1 38 165
1 38 165
1 38 379
1 38 407
1 38 14
1 38 336
2 348
1 38 348
1 38 423
1 135 38
1 135 38
1 135 38
1 135 331
1 467 331
1 467 331
1 467 331
1 467 331
1 467 331
1 467 331
2 502
1 467 502
1 467 480
1 467 201
1 262 467
1 262 467
1 262 467
1 262 467
1 262 467
1 262 467
1 262 467
1 135 173
1 135 89
1 262 33
1 262 158
1 262 99
2 300
1 262 300
1 173 262
1 173 262
1 173 262
1 173 262
1 173 262
1 173 262
1 173 171
1 446 171
1 173 36
1 398 173
1 398 173
1 398 173
1 398 173
1 398 173
1 398 173
1 398 222
1 398 472
1 446 61
1 446 39
1 119 316
1 446 316
1 446 215
1 119 130
1 200 446
1 200 446
1 200 446
1 200 446
1 200 446
1 200 446
1 200 446
1 200 39
1 119 476
2 26
1 119 26
1 119 23
1 82 119
1 82 119
1 82 119
1 82 119
1 100 82
1 100 82
1 100 384
2 158
1 100 158
1 10 100
1 10 100
1 10 100
1 10 100
1 84 10
1 333 10
1 84 39
1 84 488
1 95 84
1 95 84
1 95 84
1 95 84
1 95 84
1 95 84
1 95 72
1 200 188
1 486 188
1 315 200
1 315 200
1 315 200
1 315 200
1 315 200
1 315 200
1 315 200
1 117 315
1 117 315
1 117 315
1 117 315
1 117 445
1 179 117
1 179 117
1 179 117
1 179 117
1 179 117
1 179 117
1 179 117
1 179 117
1 486 76
1 486 85
1 246 398
1 246 398
1 246 398
1 246 398
1 246 398
1 246 398
1 246 398
1 486 398
1 135 246
1 198 246
1 198 501
1 287 135
1 205 287
1 205 287
1 205 287
1 205 287
1 205 287
1 205 287
2 313
1 486 313
1 486 77
1 486 241
2 105
1 486 105
1 486 402
1 486 324
1 448 486
1 448 486
1 448 486
1 448 486
1 448 486
1 448 486
1 448 486
1 448 486
1 156 205
1 156 205
1 156 205
1 156 205
1 156 220
2 121
1 156 121
1 156 379
1 156 15
1 458 156
1 458 156
1 458 156
1 458 156
1 458 156
1 458 156
1 458 156
1 66 458
1 66 306
1 225 66
1 225 66
1 179 225
1 195 225
1 195 448
1 389 448
1 389 448
1 389 448
1 389 448
1 389 448
1 389 448
1 389 448
1 214 389
1 335 389
1 335 190
1 338 335
1 338 335
1 338 335
1 338 335
2 294
2 294
2 294
2 294
2 294
2 294
2 294
2 294
2 294
2 294
2 294
1 324 294
1 324 294
1 324 294
1 324 294
1 324 294
1 324 294
1 324 294
1 324 294
1 324 294
1 324 294
1 338 294
1 338 179
1 398 179
1 398 179
1 398 179
1 398 179
1 398 179
1 398 179
1 398 179
1 398 179
1 195 398
1 287 398
1 287 398
1 287 398
1 287 398
1 287 398
1 287 398
1 287 398
1 214 424
2 26
1 214 26
1 214 389
1 197 287
1 197 287
1 197 287
1 197 287
1 197 287
1 463 197
1 463 197
1 463 197
1 463 197
1 463 302
1 463 368
1 463 18
1 463 164
1 463 225
1 463 389
1 23 463
1 23 463
1 23 463
1 23 463
1 23 463
1 23 463
1 23 463
1 23 463
1 23 463
1 8 23
1 8 23
1 8 23
1 418 8
1 418 8
1 418 8
1 418 8
1 338 110
1 195 288
2 26
1 195 26
1 195 79
1 195 127
1 147 195
1 147 195
1 147 195
1 147 195
1 147 195
1 147 195
1 147 195
1 147 264
1 147 21
1 198 148
1 198 435
1 198 263
1 198 79
1 230 198
1 230 198
1 230 198
1 230 198
1 230 145
1 230 374
1 10 230
1 10 230
1 10 230
1 10 269
1 10 324
1 448 324
1 448 324
1 448 324
1 448 324
1 448 324
1 448 324
1 448 324
1 448 324
1 10 367
1 77 10
1 77 10
1 77 10
1 77 10
1 77 10
1 56 499
1 56 499
1 56 499
1 56 499
1 56 499
1 56 499
1 77 499
1 396 77
1 396 77
1 396 77
1 396 77
1 396 77
1 396 492
1 56 267
1 196 147
1 333 147
1 396 147
1 196 500
1 451 396
1 451 396
1 451 396
1 451 396
1 451 396
1 451 396
1 7 451
1 7 451
1 7 451
1 7 451
1 7 451
1 7 451
1 241 7
1 241 7
1 241 7
1 241 7
1 241 7
1 377 241
1 377 241
1 377 241
1 377 241
1 377 241
1 377 241
1 377 241
1 377 269
1 377 187
1 27 377
1 27 377
1 27 377
1 27 95
1 194 95
1 194 95
1 194 95
1 194 95
1 194 95
1 194 95
1 194 331
1 194 457
1 194 14
1 194 71
1 194 70
1 194 82
2 343
1 194 343
1 51 27
1 51 27
1 51 27
1 51 27
1 51 27
1 104 51
1 104 51
1 104 58
1 422 104
1 422 104
1 422 104
1 422 110
1 117 422
1 117 422
1 117 422
1 117 422
1 117 422
1 117 422
1 117 422
1 117 422
1 117 422
1 117 99
1 194 148
1 194 148
1 194 148
1 196 226
1 385 196
1 385 196
1 385 196
1 385 101
1 383 194
1 383 194
1 383 194
1 383 194
1 383 194
1 383 194
1 383 194
1 383 194
1 385 194
1 383 39
1 385 469
1 385 137
1 102 385
1 102 385
1 102 385
1 102 385
1 102 385
1 102 385
1 102 385
1 102 385
1 331 102
1 331 102
1 331 102
1 331 102
1 331 102
1 331 102
1 331 102
1 331 102
1 333 257
1 333 33
1 149 117
1 149 117
1 149 69
1 424 69
1 424 69
1 424 69
1 424 69
1 424 69
1 424 69
1 424 69
1 424 183
1 149 383
1 268 383
1 268 383
1 268 383
1 268 383
1 268 383
1 268 383
1 268 383
1 268 383
1 149 338
1 445 338
1 445 338
1 445 338
1 445 338
1 445 338
1 445 338
1 445 338
1 39 445
1 39 445
1 39 445
1 39 445
1 39 445
1 39 445
1 424 352
1 171 424
1 171 424
1 171 424
1 171 64
1 171 231
1 171 430
1 409 149
1 409 149
1 409 149
1 409 149
1 409 149
1 409 205
1 224 409
1 224 409
1 224 409
1 224 409
1 224 409
1 224 138
1 224 107
1 224 176
1 69 224
1 69 224
1 69 224
1 69 224
1 69 224
1 69 224
1 69 224
1 69 224
1 268 147
1 371 214
1 371 196
1 74 371
1 74 371
1 74 371
1 74 371
1 74 359
1 74 439
1 74 186
2 108
1 74 108
1 328 74
1 448 74
1 59 328
1 59 328
1 59 328
1 59 450
1 59 228
1 448 497
1 19 448
1 19 448
1 19 448
1 19 448
1 19 448
1 19 448
1 19 487
1 18 19
1 18 19
1 18 19
1 18 19
1 18 19
1 18 19
1 159 59
1 159 59
1 159 59
1 159 59
1 159 59
1 159 389
1 380 159
1 380 159
1 380 159
1 380 159
1 276 331
1 276 331
1 276 331
1 276 331
1 276 331
1 276 331
1 276 331
1 380 331
1 247 380
1 247 380
1 247 380
1 247 380
1 34 276
1 34 276
1 34 276
1 34 276
1 34 373
1 34 127
1 34 159
1 34 488
1 27 34
1 27 34
1 27 34
1 27 34
1 27 34
1 27 34
1 27 460
1 129 27
1 129 27
1 129 27
1 129 27
1 129 27
1 247 283
2 348
1 247 348
1 247 117
1 59 247
1 59 247
1 59 247
1 59 247
1 59 247
1 59 247
1 59 14
1 59 359
1 18 12
1 339 18
1 339 18
1 339 18
1 339 18
1 339 18
1 267 339
1 267 339
1 267 339
1 267 339
1 267 339
1 267 339
1 267 230
1 267 92
1 254 267
1 254 267
1 254 267
1 254 267
1 254 267
2 478
1 254 478
1 12 254
1 12 254
1 12 254
1 12 254
1 12 69
1 281 69
1 281 69
1 281 69
1 281 69
1 281 69
1 281 69
1 281 507
1 292 59
1 444 59
1 408 444
1 438 444
1 408 68
1 438 259
1 180 438
1 317 438
1 317 7
1 465 180
1 465 180
1 465 180
1 188 465
1 188 465
1 188 465
2 348
1 292 348
1 292 73
1 292 365
2 278
1 317 278
1 317 125
1 317 423
1 292 287
1 349 292
1 349 292
1 349 292
1 349 292
1 349 292
1 349 292
1 349 146
2 478
1 349 478
2 349
1 98 349
1 98 349
1 98 349
1 98 349
1 98 349
1 98 349
1 98 349
1 98 349
1 98 349
1 98 230
2 121
1 98 121
1 98 459
1 149 74
1 149 74
1 149 74
1 149 74
1 149 74
1 149 74
1 188 74
1 149 190
1 352 149
1 352 149
1 352 149
1 352 149
1 352 149
1 352 149
1 352 149
1 174 98
1 174 98
1 174 98
1 174 98
1 174 98
1 174 98
1 174 98
1 174 98
1 174 98
1 188 98
1 188 261
1 188 230
1 21 352
1 21 352
1 21 352
1 21 352
1 21 352
1 21 352
1 21 352
2 462
2 462
2 462
2 462
2 462
2 462
2 462
2 462
2 462
2 462
2 462
1 21 462
1 501 462
1 501 462
1 501 462
1 501 462
1 501 462
1 501 462
1 501 462
1 501 462
1 501 462
1 501 462
1 21 409
1 310 21
1 310 21
1 310 21
1 310 21
1 310 21
1 310 21
1 310 490
1 310 182
1 469 501
1 469 501
1 469 501
1 469 501
1 469 501
1 469 501
1 469 36
1 469 18
1 283 469
1 283 469
1 283 469
1 283 469
1 283 469
1 317 117
1 50 188
1 50 188
1 50 188
1 50 188
1 50 365
1 367 50
1 367 50
1 367 50
1 367 488
1 367 63
1 367 188
1 367 501
1 367 390
1 408 506
1 193 408
1 193 408
1 193 408
1 193 408
1 193 446
1 193 51
1 193 180
1 193 308
1 193 514
1 193 446
1 226 193
1 226 193
1 226 193
1 226 193
1 226 296
1 6 226
1 6 226
1 6 226
1 283 52
1 283 288
1 283 410
1 283 307
1 283 123
1 174 59
1 32 174
1 32 174
1 32 174
1 32 174
1 32 174
1 32 174
1 32 174
1 32 174
1 32 78
1 202 32
1 202 32
1 317 214
1 317 196
1 317 458
1 76 317
1 76 317
1 76 317
1 76 317
1 76 317
1 76 317
2 313
1 76 313
1 76 69
1 76 497
1 76 326
1 76 466
1 185 76
1 185 76
1 185 76
1 185 76
1 185 76
1 185 76
1 185 76
1 185 513
1 185 163
1 185 267
1 257 185
1 257 185
1 257 185
1 257 185
1 280 257
1 280 257
1 280 257
1 280 257
1 280 90
1 280 140
1 385 280
1 385 280
1 385 280
1 385 280
1 385 280
1 385 280
1 385 280
1 385 280
1 385 280
1 385 226
1 129 385
1 249 385
1 484 385
1 129 136
1 249 71
1 129 335
1 484 287
1 484 508
1 283 484
1 129 513
1 249 178
1 171 129
1 249 129
1 171 233
1 163 249
1 163 249
1 163 249
1 163 249
1 163 249
1 163 249
1 163 249
1 105 163
1 105 163
1 105 163
1 105 163
1 105 163
1 105 163
1 105 163
1 105 163
1 105 163
1 105 163
1 105 163
1 105 262
1 105 262
1 105 262
1 120 105
1 120 105
1 120 105
1 120 105
1 120 105
1 120 105
1 120 105
1 120 105
1 171 483
1 21 171
1 21 171
1 21 171
1 21 171
1 21 171
1 21 171
1 21 171
1 144 21
1 144 21
1 144 21
1 144 21
1 144 21
1 144 21
1 144 21
1 144 484
1 144 10
1 144 117
1 144 229
1 144 272
1 144 371
1 296 144
1 296 144
1 296 144
1 296 144
1 296 144
1 232 296
1 232 296
1 232 296
1 232 296
1 232 66
1 232 148
1 296 232
1 296 232
1 296 232
1 296 232
1 296 232
1 296 205
1 296 416
1 296 423
1 296 249
1 296 197
1 296 467
1 333 296
1 512 333
1 512 333
1 512 333
1 512 333
1 154 39
1 154 155
1 154 511
1 304 154
1 304 154
1 304 154
1 304 154
1 304 154
1 470 304
1 470 304
1 470 304
1 470 283
1 482 283
1 482 283
1 482 283
1 482 283
1 482 283
1 482 283
1 482 283
1 482 283
1 140 470
1 140 470
1 140 470
1 140 470
1 140 470
1 140 470
1 394 140
1 394 140
1 394 140
1 394 140
1 394 140
1 394 397
1 16 394
1 16 394
1 16 394
1 16 394
1 16 394
1 16 394
1 16 202
1 384 16
1 384 16
1 384 16
1 384 16
1 384 16
1 384 16
1 384 304
1 205 384
1 205 384
1 205 384
1 205 384
1 205 384
1 205 384
1 205 384
2 278
1 205 278
1 367 248
1 501 367
1 501 367
1 501 367
1 501 367
1 501 367
1 501 367
1 501 367
1 501 367
1 501 154
1 501 154
1 501 154
1 501 154
1 501 154
1 268 12
1 268 322
1 268 354
1 268 283
1 268 140
1 74 268
1 74 268
1 74 268
1 74 268
1 74 268
1 74 268
1 74 268
1 74 484
1 74 484
1 74 484
1 74 396
1 509 74
1 506 509
1 506 509
1 506 509
1 506 509
1 506 509
1 506 486
1 506 354
1 506 511
1 506 86
1 398 506
1 398 506
1 398 506
1 398 506
1 398 506
1 398 506
1 398 506
1 398 506
1 310 120
1 398 120
1 310 263
1 448 310
1 448 310
1 448 310
1 448 310
1 448 310
1 448 310
1 448 310
1 448 445
1 157 448
1 157 448
1 157 448
1 157 448
1 157 448
1 157 448
1 157 448
1 157 448
1 157 448
1 241 157
1 241 157
1 241 157
1 241 157
1 241 157
1 241 157
1 241 157
1 241 157
1 313 241
1 313 241
1 313 241
1 313 241
1 313 241
1 313 241
1 313 241
1 313 241
1 61 398
1 61 398
1 61 398
1 61 398
1 61 398
1 61 398
1 61 497
1 223 61
1 223 61
1 223 61
1 223 61
1 223 61
1 313 61
1 223 198
1 313 193
1 313 58
1 313 364
1 313 283
1 313 167
1 313 505
1 313 65
2 300
1 313 300
1 313 290
1 313 513
1 372 223
1 512 223
1 372 71
1 512 417
1 512 226
1 512 116
1 512 309
1 512 213
1 182 512
1 182 512
1 182 512
1 182 512
1 182 512
1 182 512
1 182 512
1 182 463
1 182 480
1 276 182
1 276 182
1 276 182
1 276 182
1 276 182
1 153 276
1 153 276
1 372 276
2 26
1 153 26
1 153 163
1 223 372
1 223 372
1 223 372
1 480 223
1 480 223
1 480 223
1 480 223
1 480 223
1 480 223
1 480 223
1 480 438
1 480 492
1 480 169
1 480 259
1 122 480
1 122 480
1 122 480
1 122 480
1 122 480
1 122 465
1 122 91
1 122 130
1 122 380
1 287 122
1 287 122
1 287 122
1 287 122
1 287 122
1 287 122
1 287 122
1 287 122
1 287 105
1 287 333
1 290 287
1 290 287
1 290 287
1 290 287
1 290 287
1 290 287
1 290 287
1 290 335
1 290 313
1 446 313
1 446 313
1 446 313
1 446 313
1 446 313
1 446 313
1 446 313
1 446 313
1 446 313
1 446 313
1 339 290
1 339 290
1 339 290
1 339 290
1 339 290
1 339 290
1 339 290
1 339 82
1 417 339
1 417 339
1 417 339
1 417 339
1 417 339
1 417 339
1 417 339
1 188 417
1 188 417
1 188 417
1 188 417
1 188 417
1 188 417
1 188 75
1 446 266
1 446 109
1 188 209
1 188 169
1 188 253
1 188 145
1 188 74
1 446 285
1 446 262
1 446 481
1 446 271
1 155 188
1 155 188
1 155 188
1 155 188
1 155 188
1 155 446
1 352 446
1 352 446
1 352 446
1 352 446
1 352 446
1 352 446
1 352 446
1 352 446
1 151 155
1 151 155
1 151 155
1 151 155
1 151 155
1 151 417
1 352 105
1 160 151
1 160 151
1 160 151
1 352 151
1 160 51
1 352 122
1 352 16
1 352 101
1 352 19
1 352 395
1 28 160
1 28 160
1 28 160
1 352 385
1 205 153
1 390 205
1 390 205
1 390 205
1 390 205
1 390 205
1 390 205
1 390 205
1 390 205
1 390 486
1 390 324
1 390 285
1 390 261
1 390 174
1 390 429
1 390 105
2 294
1 390 294
1 281 41
1 281 38
1 64 281
1 64 281
1 64 281
1 64 281
1 64 281
1 64 281
1 64 281
1 64 280
1 64 6
1 117 64
1 117 64
1 117 64
1 117 64
1 117 64
1 117 64
1 117 290
1 140 117
1 140 117
1 140 117
1 140 117
1 140 117
1 140 117
1 140 117
1 92 140
1 92 140
1 92 140
1 92 140
1 92 140
1 92 140
1 92 106
1 92 381
1 92 246
1 92 82
1 92 487
1 92 512
1 92 326
1 92 315
1 92 470
1 92 224
2 3
2 3
2 3
2 3
2 3
2 3
2 3
1 5 3
1 5 3
1 5 3
1 5 3
1 5 3
1 5 3
1 5 3
1 5 3
1 5 3
1 5 3
1 5 3
1 5 3
1 5 3
1 5 3
2 3
2 3
2 3
2 3
2 3
2 3
2 3
2 3
2 3
2 3
2 3
2 2
2 2
2 2
2 2
2 2
2 2
2 2
2 2
1 13 2
1 13 2
1 13 2
1 13 2
1 13 2
1 13 2
1 13 2
1 13 2
1 13 2
1 13 2
1 13 2
1 13 2
1 13 2
1 13 2
1 13 2
2 2
2 2
2 2
2 2
2 2
2 2
2 2
2 2
2 2
2 2
2 2
2 2
1 383 2
1 383 2
1 383 2
1 383 2
1 383 2
1 383 2
1 383 2
1 383 2
1 383 2
1 6 383
1 6 383
1 6 109
1 6 350
1 220 6
1 220 6
1 220 6
1 220 6
1 220 6
1 220 6
1 220 262
1 220 67
1 487 220
1 487 220
1 487 220
1 487 220
1 487 220
1 487 220
1 487 220
1 487 220
1 487 342
1 487 159
1 487 195
1 278 487
1 278 487
1 278 487
1 278 487
1 278 487
1 278 487
1 278 487
1 278 487
1 278 487
1 278 487
1 278 487
1 120 278
1 120 278
1 120 278
1 120 448
1 120 42
1 178 120
1 178 120
1 178 120
1 178 120
1 45 178
1 45 178
1 45 178
1 45 14
1 45 276
1 45 162
1 45 144
1 223 45
1 223 45
1 223 45
1 223 45
1 223 45
1 223 45
1 223 45
1 223 45
1 117 223
1 117 223
1 117 223
1 117 223
1 117 223
1 117 223
1 117 223
1 117 223
1 69 117
1 69 117
1 69 117
1 69 117
1 69 117
1 69 117
1 69 117
1 69 117
1 69 41
1 69 27
1 69 481
1 69 283
1 69 283
1 69 283
1 69 283
1 69 283
2 2
2 2
2 2
2 2
2 2
2 2
2 2
2 2
2 2
2 2
1 3 2
1 3 2
1 3 2
1 3 2
1 3 2
1 3 2
1 3 2
1 3 2
1 3 2
1 3 2
1 3 2
1 3 2
1 3 2
1 3 2
2 2
2 2
2 2
2 2
2 2
2 2
2 2
2 2
2 2
2 2
2 2
2 4
2 4
2 4
2 4
1 79 4
1 79 4
1 79 4
1 79 4
1 79 4
1 79 4
1 79 4
1 79 4
1 79 281
1 79 56
1 79 120
1 79 105
1 394 79
1 394 79
1 394 79
1 394 79
1 394 79
1 394 79
1 394 79
1 394 243
1 394 30
1 394 469
1 11 394
1 11 394
1 11 394
1 11 394
1 11 394
1 11 375
1 11 285
1 11 287
1 11 84
1 11 188
2 7
2 7
2 7
2 7
2 7
2 7
2 7
1 2 7
1 2 7
1 2 7
1 2 7
1 2 7
1 2 7
1 2 7
1 2 7
1 2 7
1 2 7
1 2 7
1 2 7
1 2 7
1 2 7
2 4
2 4
2 4
1 7 2
1 7 2
1 7 2
1 7 2
1 7 2
1 7 2
1 7 2
1 7 2
1 7 2
1 7 2
1 7 2
1 7 2
1 7 2
1 7 2
2 4
2 2
1 11 2
1 11 2
1 11 2
1 11 2
1 11 2
2 2
2 17
2 17
2 17
2 17
2 17
2 17
1 99 17
1 99 17
1 99 17
1 99 17
1 99 17
1 99 17
1 99 17
1 99 17
1 99 17
1 99 17
1 99 17
1 99 214
1 28 99
1 28 34
1 28 383
1 400 28
1 400 28
1 400 28
1 400 28
1 400 28
1 400 28
1 400 295
1 91 400
1 91 400
1 91 400
1 91 400
1 91 400
1 91 400
1 91 151
1 91 269
1 476 91
1 476 91
1 476 91
1 476 91
1 131 476
1 131 476
1 131 476
1 131 476
1 442 131
1 442 131
1 442 131
1 442 131
1 442 56
1 269 442
1 269 442
1 269 442
1 269 442
1 269 442
1 269 442
1 269 442
1 269 442
1 269 442
1 269 442
1 269 442
1 269 442
1 224 269
1 224 269
1 224 269
1 224 269
1 224 269
1 224 269
1 224 269
1 224 269
1 224 269
1 224 269
1 224 45
1 224 271
1 331 224
1 331 224
1 331 224
1 331 224
1 331 224
1 331 224
1 331 224
1 331 224
2 17
2 17
2 17
2 4
2 4
2 4
2 4
2 4
2 4
2 4
2 4
1 15 4
1 15 4
1 15 4
1 15 4
1 15 4
1 15 4
1 15 4
1 15 4
1 15 4
1 15 4
1 15 4
1 15 4
1 15 4
1 15 4
1 15 4
2 4
2 4
2 4
2 4
2 4
2 4
2 4
2 2
2 2
2 2
2 2
2 2
2 2
2 2
1 14 2
1 14 2
1 14 2
1 14 2
1 14 2
1 14 2
1 14 2
1 14 2
1 14 2
1 14 2
1 14 2
1 14 2
1 14 2
1 14 2
2 2
2 2
2 2
2 2
2 2
2 2
2 2
2 2
2 2
2 2
2 2
2 2
2 2
1 17 2
1 17 2
1 17 2
1 17 2
1 17 2
1 17 2
1 17 2
1 17 2
1 17 2
1 17 2
1 17 2
2 2
2 2
2 2
2 2
2 2
2 9
2 9
2 9
2 9
2 9
2 9
2 9
2 9
1 18 9
1 18 9
1 18 9
1 18 9
1 18 9
1 18 9
1 18 9
1 18 9
1 18 9
1 18 9
1 18 9
1 18 9
1 18 9
1 18 9
1 18 9
2 9
2 9
2 9
2 9
2 9
2 9
2 9
2 2
2 2
2 2
2 2
2 2
2 2
2 2
2 2
1 25 2
1 25 2
1 25 2
1 25 2
1 25 2
1 25 2
1 25 2
1 25 2
1 25 2
1 25 2
1 25 2
1 25 2
1 25 2
1 25 2
1 25 2
2 2
2 2
2 2
2 2
2 2
2 2
2 2
1 243 17
1 243 17
1 243 17
1 243 17
1 243 17
1 243 17
1 243 17
1 243 17
1 243 17
1 243 198
1 243 196
1 243 237
2 2
2 2
2 2
2 2
2 2
1 23 2
1 23 2
1 23 2
1 23 2
1 23 2
1 23 2
1 23 2
1 23 2
1 23 2
1 23 2
2 2
2 2
2 2
2 2
2 2
2 7
2 7
2 7
1 21 7
1 21 7
1 21 7
1 21 7
1 21 7
1 21 7
1 21 7
1 21 7
1 21 7
1 21 7
1 21 7
1 21 7
1 21 7
2 7
2 7
2 7
2 4
2 4
2 4
2 4
2 4
2 4
2 4
2 4
1 29 4
1 29 4
1 29 4
1 29 4
1 29 4
1 29 4
1 29 4
1 29 4
1 29 4
1 29 4
1 29 4
1 29 4
1 29 4
1 29 4
1 29 4
2 4
2 4
2 4
2 4
2 4
2 4
2 4
2 4
2 4
2 4
2 4
2 4
2 4
2 4
1 121 4
1 121 4
1 121 4
1 121 4
1 121 4
1 121 4
1 121 4
1 121 4
1 121 4
1 121 4
1 121 4
1 121 4
1 121 4
1 121 315
1 121 75
1 121 189
1 121 125
2 4
2 4
2 4
2 4
2 4
2 4
2 4
1 121 4
1 121 173
1 121 290
2 2
1 4 2
2 2
1 121 2
1 401 121
1 401 121
1 401 121
1 401 121
1 401 121
1 401 121
1 401 121
1 401 121
1 401 121
2 343
1 401 343
1 401 453
1 401 273
2 2
2 2